<?xml version='1.0' encoding='UTF-8'?>
<testsuite hostname="LAPTOP-GOPLF6JR" name="calculatorTests.CalculatorTest" tests="2" errors="0" failures="0" skipped="0" time="0.0" timestamp="2023-12-16T16:00:28">
          <properties>
[...]
</properties>
          <testcase classname="calculatorTests.CalculatorTest" name="Multiply: 0*0, 0*1, 1*0" time="0.0">
                      
                    </testcase><testcase classname="calculatorTests.CalculatorTest" name="Divide: a / 0" time="0.0">
                      
                    </testcase>
          <system-out><![CDATA[]]></system-out>
          <system-err><![CDATA[]]></system-err>
        </testsuite>